<?xml version="1.0" encoding="UTF-8"?>
<!-- Generated by org.testng.reporters.JUnitXMLReporter -->
<testsuite ignored="0" hostname="LAPTOP-DV9TJ16N" failures="0" tests="2" name="Default test(failed)" time="4.041" errors="0" timestamp="2021-12-29T11:02:28 IST">
  <testcase classname="testingdiscussion_testng.ParameterInTestNg" name="launchFacebook" time="4.008"/>
  <testcase classname="testingdiscussion_testng.ParameterInTestNg" name="info" time="0.0"/>
</testsuite> <!-- Default test(failed) -->
