<?xml version="1.0" encoding="UTF-8"?>
<!-- Generated by org.testng.reporters.JUnitXMLReporter -->
<testsuite ignored="0" hostname="LAPTOP-DV9TJ16N" failures="0" tests="4" name="Test" time="0.049" errors="0" timestamp="2021-12-22T20:47:00 IST">
  <testcase classname="testingdiscussion_testng.ReporterInPriorityTNG" name="loginWithCorrectCrendential" time="0.007"/>
  <testcase classname="testingdiscussion_testng.ReporterInPriorityTNG" name="loginWithInCorrectCredntial" time="0.001"/>
  <testcase classname="testingdiscussion_testng.ReporterInPriorityTNG1" name="profileSection" time="0.001"/>
  <testcase classname="testingdiscussion_testng.ReporterInPriorityTNG1" name="urlValidation" time="0.0"/>
</testsuite> <!-- Test -->
